{
  "RSpec": {
    "coverage": {
      "/Users/id/src/turing/mod3/congress-tracker-2011/app/models/user.rb": {
        "lines": [
          1,
          1,
          null,
          1,
          null,
          null,
          1,
          null
        ]
      },
      "/Users/id/src/turing/mod3/congress-tracker-2011/app/models/application_record.rb": {
        "lines": [
          1,
          1,
          null
        ]
      },
      "/Users/id/src/turing/mod3/congress-tracker-2011/app/controllers/application_controller.rb": {
        "lines": [
          1,
          null,
          1,
          12,
          null,
          null,
          1,
          2,
          null,
          null,
          1,
          null
        ]
      },
      "/Users/id/src/turing/mod3/congress-tracker-2011/app/controllers/admin/dashboard_controller.rb": {
        "lines": [
          1,
          null,
          1,
          null,
          null,
          null
        ]
      },
      "/Users/id/src/turing/mod3/congress-tracker-2011/app/controllers/admin/base_controller.rb": {
        "lines": [
          1,
          1,
          null,
          1,
          null,
          1,
          2,
          1,
          1,
          null,
          null,
          null
        ]
      },
      "/Users/id/src/turing/mod3/congress-tracker-2011/app/controllers/welcome_controller.rb": {
        "lines": [
          1,
          1,
          10,
          6,
          null,
          null,
          null,
          null,
          null,
          null,
          null
        ]
      },
      "/Users/id/src/turing/mod3/congress-tracker-2011/app/controllers/users_controller.rb": {
        "lines": [
          1,
          1,
          null,
          null,
          null,
          1,
          2,
          null,
          null,
          1,
          2,
          2,
          2,
          2,
          2,
          2,
          null,
          null,
          1,
          null,
          1,
          2,
          null,
          null
        ]
      },
      "/Users/id/src/turing/mod3/congress-tracker-2011/app/controllers/session_controller.rb": {
        "lines": [
          1,
          1,
          null,
          1,
          4,
          4,
          3,
          3,
          null,
          3,
          2,
          1,
          1,
          null,
          null,
          null,
          1,
          1,
          null,
          null,
          null,
          1,
          1,
          null,
          1,
          1,
          null,
          null
        ]
      }
    },
    "timestamp": 1616612162
  }
}
